<?xml version="1.0" encoding="UTF-8"?>
<!-- Generated by org.testng.reporters.JUnitReportReporter -->
<testsuite hostname="GVG139" failures="0" tests="1" name="pom.UnifiedTaraTests.practice" time="79.724" errors="0" timestamp="2022-09-19T14:40:09 IST" skipped="0">
  <testcase classname="pom.UnifiedTaraTests.practice" name="Login_readOTP" time="79.724"/>
  <system-out/>
</testsuite> <!-- pom.UnifiedTaraTests.practice -->
