<?xml version="1.0" encoding="UTF-8"?>
<!-- Generated by org.testng.reporters.JUnitReportReporter -->
<testsuite hostname="GVG139" failures="0" tests="1" name="pom.UnifiedTaraTests.practice" time="72.443" errors="0" timestamp="19 Sep 2022 09:51:34 GMT">
  <testcase classname="pom.UnifiedTaraTests.practice" name="Login_readOTP" time="72.443"/>
</testsuite> <!-- pom.UnifiedTaraTests.practice -->
